(---------------------------------------------------------------------)
(                                                                     )
(    Create_devices LOG file                                          )
(                                                                     )
(    Drawing          : 6989_HW-Z7-ZC706_Rev2_0_062714.brd            )
(    Software Version : 16.6-2015S066                                 )
(    Date/Time        : Thu Oct 18 13:14:19 2018                      )
(                                                                     )
(---------------------------------------------------------------------)


WARNING(SPMHDF-67): Device '2_94K_0402' occurs multiple times - check the device file.
WARNING(SPMHDF-67): Device 'LED-GREEN-SMT_LED_0603' occurs multiple times - check the device file.
WARNING(SPMHDF-67): Device '2_21K_0402' occurs multiple times - check the device file.
WARNING(SPMHDF-67): Device '1_00K_0402' occurs multiple times - check the device file.
WARNING(SPMHDF-67): Device '10UF_0805' occurs multiple times - check the device file.
WARNING(SPMHDF-67): Device '4_7K_0402' occurs multiple times - check the device file.
WARNING(SPMHDF-67): Device '1_00K_0402' occurs multiple times - check the device file.
WARNING(SPMHDF-67): Device '0_01UF_0402' occurs multiple times - check the device file.

Device file 'C:/Users/Sqrt3/MyDocuments/90ZC706/cadence_workspace/library/lmz31506ruq.txt': written successfully.
Device file 'C:/Users/Sqrt3/MyDocuments/90ZC706/cadence_workspace/library/931_0402.txt': written successfully.
Device file 'C:/Users/Sqrt3/MyDocuments/90ZC706/cadence_workspace/library/1_78k_0402.txt': written successfully.
Device file 'C:/Users/Sqrt3/MyDocuments/90ZC706/cadence_workspace/library/5600pf_0805.txt': written successfully.
Device file 'C:/Users/Sqrt3/MyDocuments/90ZC706/cadence_workspace/library/383k_0402.txt': written successfully.
Device file 'C:/Users/Sqrt3/MyDocuments/90ZC706/cadence_workspace/library/ts5a63157.txt': written successfully.
Device file 'C:/Users/Sqrt3/MyDocuments/90ZC706/cadence_workspace/library/sit9102.txt': written successfully.
Device file 'C:/Users/Sqrt3/MyDocuments/90ZC706/cadence_workspace/library/lmz31710rvq.txt': written successfully.
Device file 'C:/Users/Sqrt3/MyDocuments/90ZC706/cadence_workspace/library/lmz31704rvq.txt': written successfully.
Device file 'C:/Users/Sqrt3/MyDocuments/90ZC706/cadence_workspace/library/lmz31520rlg.txt': written successfully.
Device file 'C:/Users/Sqrt3/MyDocuments/90ZC706/cadence_workspace/library/604_0402.txt': written successfully.
Device file 'C:/Users/Sqrt3/MyDocuments/90ZC706/cadence_workspace/library/499k_0402.txt': written successfully.
Device file 'C:/Users/Sqrt3/MyDocuments/90ZC706/cadence_workspace/library/196_0402.txt': written successfully.
Device file 'C:/Users/Sqrt3/MyDocuments/90ZC706/cadence_workspace/library/169k_0402.txt': written successfully.
Device file 'C:/Users/Sqrt3/MyDocuments/90ZC706/cadence_workspace/library/63_4k_0402.txt': written successfully.
Device file 'C:/Users/Sqrt3/MyDocuments/90ZC706/cadence_workspace/library/2_94k_0402.txt': written successfully.
Device file 'C:/Users/Sqrt3/MyDocuments/90ZC706/cadence_workspace/library/2_94k_0402__1.txt': written successfully.
Device file 'C:/Users/Sqrt3/MyDocuments/90ZC706/cadence_workspace/library/2_21k_0402.txt': written successfully.
Device file 'C:/Users/Sqrt3/MyDocuments/90ZC706/cadence_workspace/library/0_027uf_0402.txt': written successfully.
Device file 'C:/Users/Sqrt3/MyDocuments/90ZC706/cadence_workspace/library/max13035e.txt': written successfully.
Device file 'C:/Users/Sqrt3/MyDocuments/90ZC706/cadence_workspace/library/s25fl128sagmfir01.txt': written successfully.
Device file 'C:/Users/Sqrt3/MyDocuments/90ZC706/cadence_workspace/library/10pf_0402.txt': written successfully.
Device file 'C:/Users/Sqrt3/MyDocuments/90ZC706/cadence_workspace/library/tps54291_tssop_16.txt': written successfully.
Device file 'C:/Users/Sqrt3/MyDocuments/90ZC706/cadence_workspace/library/649_0402.txt': written successfully.
Device file 'C:/Users/Sqrt3/MyDocuments/90ZC706/cadence_workspace/library/3300pf_0402.txt': written successfully.
Device file 'C:/Users/Sqrt3/MyDocuments/90ZC706/cadence_workspace/library/2200pf_0402.txt': written successfully.
Device file 'C:/Users/Sqrt3/MyDocuments/90ZC706/cadence_workspace/library/3_16k_0402.txt': written successfully.
Device file 'C:/Users/Sqrt3/MyDocuments/90ZC706/cadence_workspace/library/47uf_1206.txt': written successfully.
Device file 'C:/Users/Sqrt3/MyDocuments/90ZC706/cadence_workspace/library/0_0603.txt': written successfully.
Device file 'C:/Users/Sqrt3/MyDocuments/90ZC706/cadence_workspace/library/soc_z7_ff900_ironwood.txt': written successfully.
Device file 'C:/Users/Sqrt3/MyDocuments/90ZC706/cadence_workspace/library/inductor_744311470.txt': written successfully.
Device file 'C:/Users/Sqrt3/MyDocuments/90ZC706/cadence_workspace/library/5_76k_0402.txt': written successfully.
Device file 'C:/Users/Sqrt3/MyDocuments/90ZC706/cadence_workspace/library/5_23k_0402.txt': written successfully.
Device file 'C:/Users/Sqrt3/MyDocuments/90ZC706/cadence_workspace/library/2_05k_0402.txt': written successfully.
Device file 'C:/Users/Sqrt3/MyDocuments/90ZC706/cadence_workspace/library/1_00k_0402.txt': written successfully.
Device file 'C:/Users/Sqrt3/MyDocuments/90ZC706/cadence_workspace/library/1200pf_0402.txt': written successfully.
Device file 'C:/Users/Sqrt3/MyDocuments/90ZC706/cadence_workspace/library/820pf_0402.txt': written successfully.
Device file 'C:/Users/Sqrt3/MyDocuments/90ZC706/cadence_workspace/library/80_6k_0402.txt': written successfully.
Device file 'C:/Users/Sqrt3/MyDocuments/90ZC706/cadence_workspace/library/40_2k_0402.txt': written successfully.
Device file 'C:/Users/Sqrt3/MyDocuments/90ZC706/cadence_workspace/library/30_1k_0402.txt': written successfully.
Device file 'C:/Users/Sqrt3/MyDocuments/90ZC706/cadence_workspace/library/23_2k_0402.txt': written successfully.
Device file 'C:/Users/Sqrt3/MyDocuments/90ZC706/cadence_workspace/library/16_2k_0402.txt': written successfully.
Device file 'C:/Users/Sqrt3/MyDocuments/90ZC706/cadence_workspace/library/15pf_0402.txt': written successfully.
Device file 'C:/Users/Sqrt3/MyDocuments/90ZC706/cadence_workspace/library/12pf_0402.txt': written successfully.
Device file 'C:/Users/Sqrt3/MyDocuments/90ZC706/cadence_workspace/library/8_2pf_0402.txt': written successfully.
Device file 'C:/Users/Sqrt3/MyDocuments/90ZC706/cadence_workspace/library/4pf_0402.txt': written successfully.
Device file 'C:/Users/Sqrt3/MyDocuments/90ZC706/cadence_workspace/library/2_2uf_0805.txt': written successfully.
Device file 'C:/Users/Sqrt3/MyDocuments/90ZC706/cadence_workspace/library/200_0402.txt': written successfully.
Device file 'C:/Users/Sqrt3/MyDocuments/90ZC706/cadence_workspace/library/ml621s_dn.txt': written successfully.
Device file 'C:/Users/Sqrt3/MyDocuments/90ZC706/cadence_workspace/library/led_grn_ra_stack.txt': written successfully.
Device file 'C:/Users/Sqrt3/MyDocuments/90ZC706/cadence_workspace/library/zx62d_ab_5p8.txt': written successfully.
Device file 'C:/Users/Sqrt3/MyDocuments/90ZC706/cadence_workspace/library/wsl3637.txt': written successfully.
Device file 'C:/Users/Sqrt3/MyDocuments/90ZC706/cadence_workspace/library/usb3320_qfn32.txt': written successfully.
Device file 'C:/Users/Sqrt3/MyDocuments/90ZC706/cadence_workspace/library/ucd90120argc_vqfn64.txt': written successfully.
Device file 'C:/Users/Sqrt3/MyDocuments/90ZC706/cadence_workspace/library/txs0108e.txt': written successfully.
Device file 'C:/Users/Sqrt3/MyDocuments/90ZC706/cadence_workspace/library/txs0102.txt': written successfully.
Device file 'C:/Users/Sqrt3/MyDocuments/90ZC706/cadence_workspace/library/ts518fe_fl35e.txt': written successfully.
Device file 'C:/Users/Sqrt3/MyDocuments/90ZC706/cadence_workspace/library/ts5a3359dcur.txt': written successfully.
Device file 'C:/Users/Sqrt3/MyDocuments/90ZC706/cadence_workspace/library/tp_5004_yellow.txt': written successfully.
Device file 'C:/Users/Sqrt3/MyDocuments/90ZC706/cadence_workspace/library/tp_5000_red.txt': written successfully.
Device file 'C:/Users/Sqrt3/MyDocuments/90ZC706/cadence_workspace/library/tps79433dcqr.txt': written successfully.
Device file 'C:/Users/Sqrt3/MyDocuments/90ZC706/cadence_workspace/library/tps74901_20_vqfn.txt': written successfully.
Device file 'C:/Users/Sqrt3/MyDocuments/90ZC706/cadence_workspace/library/tps51200drct.txt': written successfully.
Device file 'C:/Users/Sqrt3/MyDocuments/90ZC706/cadence_workspace/library/tca6416apwr.txt': written successfully.
Device file 'C:/Users/Sqrt3/MyDocuments/90ZC706/cadence_workspace/library/spdt_sw_dip_5.txt': written successfully.
Device file 'C:/Users/Sqrt3/MyDocuments/90ZC706/cadence_workspace/library/sn74lvc1g11.txt': written successfully.
Device file 'C:/Users/Sqrt3/MyDocuments/90ZC706/cadence_workspace/library/sn74lvc1g08.txt': written successfully.
Device file 'C:/Users/Sqrt3/MyDocuments/90ZC706/cadence_workspace/library/sn74avc4t245.txt': written successfully.
Device file 'C:/Users/Sqrt3/MyDocuments/90ZC706/cadence_workspace/library/sn74avc2t245.txt': written successfully.
Device file 'C:/Users/Sqrt3/MyDocuments/90ZC706/cadence_workspace/library/sn74avc1t45.txt': written successfully.
Device file 'C:/Users/Sqrt3/MyDocuments/90ZC706/cadence_workspace/library/sit8103.txt': written successfully.
Device file 'C:/Users/Sqrt3/MyDocuments/90ZC706/cadence_workspace/library/sda04h1sbd.txt': written successfully.
Device file 'C:/Users/Sqrt3/MyDocuments/90ZC706/cadence_workspace/library/sda02h1sbd.txt': written successfully.
Device file 'C:/Users/Sqrt3/MyDocuments/90ZC706/cadence_workspace/library/samtec_tst_110_xx_x_d.txt': written successfully.
Device file 'C:/Users/Sqrt3/MyDocuments/90ZC706/cadence_workspace/library/rtc8564je_vsoj_20.txt': written successfully.
Device file 'C:/Users/Sqrt3/MyDocuments/90ZC706/cadence_workspace/library/rj45_hfj11-1g01e.txt': written successfully.
Device file 'C:/Users/Sqrt3/MyDocuments/90ZC706/cadence_workspace/library/ref3012aidbzt_sot23_3.txt': written successfully.
Device file 'C:/Users/Sqrt3/MyDocuments/90ZC706/cadence_workspace/library/pcie_4lane_edge.txt': written successfully.
Device file 'C:/Users/Sqrt3/MyDocuments/90ZC706/cadence_workspace/library/pca9548arger_qfn24.txt': written successfully.
Device file 'C:/Users/Sqrt3/MyDocuments/90ZC706/cadence_workspace/library/pca9517.txt': written successfully.
Device file 'C:/Users/Sqrt3/MyDocuments/90ZC706/cadence_workspace/library/ndt3055l_sot223.txt': written successfully.
Device file 'C:/Users/Sqrt3/MyDocuments/90ZC706/cadence_workspace/library/nc7wz07.txt': written successfully.
Device file 'C:/Users/Sqrt3/MyDocuments/90ZC706/cadence_workspace/library/mt41j256m8hx_15e.txt': written successfully.
Device file 'C:/Users/Sqrt3/MyDocuments/90ZC706/cadence_workspace/library/molex-87832-1420.txt': written successfully.
Device file 'C:/Users/Sqrt3/MyDocuments/90ZC706/cadence_workspace/library/mic2025_sop8.txt': written successfully.
Device file 'C:/Users/Sqrt3/MyDocuments/90ZC706/cadence_workspace/library/max16025.txt': written successfully.
Device file 'C:/Users/Sqrt3/MyDocuments/90ZC706/cadence_workspace/library/m24c08-wdw6tp.txt': written successfully.
Device file 'C:/Users/Sqrt3/MyDocuments/90ZC706/cadence_workspace/library/led-red-smt_led_0603.txt': written successfully.
Device file 'C:/Users/Sqrt3/MyDocuments/90ZC706/cadence_workspace/library/led-red-smt.txt': written successfully.
Device file 'C:/Users/Sqrt3/MyDocuments/90ZC706/cadence_workspace/library/led-green-smt_led_0603.txt': written successfully.
Device file 'C:/Users/Sqrt3/MyDocuments/90ZC706/cadence_workspace/library/led-green-smt_led_0603__1.txt': written successfully.
Device file 'C:/Users/Sqrt3/MyDocuments/90ZC706/cadence_workspace/library/idtqs3vh253qg8.txt': written successfully.
Device file 'C:/Users/Sqrt3/MyDocuments/90ZC706/cadence_workspace/library/hdr_2x6.txt': written successfully.
Device file 'C:/Users/Sqrt3/MyDocuments/90ZC706/cadence_workspace/library/hdr_2x2.txt': written successfully.
Device file 'C:/Users/Sqrt3/MyDocuments/90ZC706/cadence_workspace/library/hdr_1x2.txt': written successfully.
Device file 'C:/Users/Sqrt3/MyDocuments/90ZC706/cadence_workspace/library/hdr_1x1.txt': written successfully.
Device file 'C:/Users/Sqrt3/MyDocuments/90ZC706/cadence_workspace/library/gnd_short.txt': written successfully.
Device file 'C:/Users/Sqrt3/MyDocuments/90ZC706/cadence_workspace/library/ferrite-120_0603.txt': written successfully.
Device file 'C:/Users/Sqrt3/MyDocuments/90ZC706/cadence_workspace/library/evq-11l07k.txt': written successfully.
Device file 'C:/Users/Sqrt3/MyDocuments/90ZC706/cadence_workspace/library/dnp_hdr_1x2.txt': written successfully.
Device file 'C:/Users/Sqrt3/MyDocuments/90ZC706/cadence_workspace/library/dnp.txt': written successfully.
Device file 'C:/Users/Sqrt3/MyDocuments/90ZC706/cadence_workspace/library/dfls1150.txt': written successfully.
Device file 'C:/Users/Sqrt3/MyDocuments/90ZC706/cadence_workspace/library/bat54t1g.txt': written successfully.
Device file 'C:/Users/Sqrt3/MyDocuments/90ZC706/cadence_workspace/library/asp_134603_01.txt': written successfully.
Device file 'C:/Users/Sqrt3/MyDocuments/90ZC706/cadence_workspace/library/asp_134486_01.txt': written successfully.
Device file 'C:/Users/Sqrt3/MyDocuments/90ZC706/cadence_workspace/library/adg707bruz_tssop_28.txt': written successfully.
Device file 'C:/Users/Sqrt3/MyDocuments/90ZC706/cadence_workspace/library/500254_1927.txt': written successfully.
Device file 'C:/Users/Sqrt3/MyDocuments/90ZC706/cadence_workspace/library/953_0402.txt': written successfully.
Device file 'C:/Users/Sqrt3/MyDocuments/90ZC706/cadence_workspace/library/470pf_0402.txt': written successfully.
Device file 'C:/Users/Sqrt3/MyDocuments/90ZC706/cadence_workspace/library/453_0402.txt': written successfully.
Device file 'C:/Users/Sqrt3/MyDocuments/90ZC706/cadence_workspace/library/330_0603.txt': written successfully.
Device file 'C:/Users/Sqrt3/MyDocuments/90ZC706/cadence_workspace/library/274_0402.txt': written successfully.
Device file 'C:/Users/Sqrt3/MyDocuments/90ZC706/cadence_workspace/library/249_0402.txt': written successfully.
Device file 'C:/Users/Sqrt3/MyDocuments/90ZC706/cadence_workspace/library/240_0402.txt': written successfully.
Device file 'C:/Users/Sqrt3/MyDocuments/90ZC706/cadence_workspace/library/150uf_tant_c.txt': written successfully.
Device file 'C:/Users/Sqrt3/MyDocuments/90ZC706/cadence_workspace/library/124_0402.txt': written successfully.
Device file 'C:/Users/Sqrt3/MyDocuments/90ZC706/cadence_workspace/library/120uf_tant_r.txt': written successfully.
Device file 'C:/Users/Sqrt3/MyDocuments/90ZC706/cadence_workspace/library/100_0201.txt': written successfully.
Device file 'C:/Users/Sqrt3/MyDocuments/90ZC706/cadence_workspace/library/90_9k_0402.txt': written successfully.
Device file 'C:/Users/Sqrt3/MyDocuments/90ZC706/cadence_workspace/library/80_6_0402.txt': written successfully.
Device file 'C:/Users/Sqrt3/MyDocuments/90ZC706/cadence_workspace/library/49_9_0201.txt': written successfully.
Device file 'C:/Users/Sqrt3/MyDocuments/90ZC706/cadence_workspace/library/41_2k_0402.txt': written successfully.
Device file 'C:/Users/Sqrt3/MyDocuments/90ZC706/cadence_workspace/library/40_2_0402.txt': written successfully.
Device file 'C:/Users/Sqrt3/MyDocuments/90ZC706/cadence_workspace/library/30_0402.txt': written successfully.
Device file 'C:/Users/Sqrt3/MyDocuments/90ZC706/cadence_workspace/library/27_4k_0402.txt': written successfully.
Device file 'C:/Users/Sqrt3/MyDocuments/90ZC706/cadence_workspace/library/24_9_0402.txt': written successfully.
Device file 'C:/Users/Sqrt3/MyDocuments/90ZC706/cadence_workspace/library/24mhz_hc49sd.txt': written successfully.
Device file 'C:/Users/Sqrt3/MyDocuments/90ZC706/cadence_workspace/library/22_0402.txt': written successfully.
Device file 'C:/Users/Sqrt3/MyDocuments/90ZC706/cadence_workspace/library/22uf_1206.txt': written successfully.
Device file 'C:/Users/Sqrt3/MyDocuments/90ZC706/cadence_workspace/library/20_5k_0402.txt': written successfully.
Device file 'C:/Users/Sqrt3/MyDocuments/90ZC706/cadence_workspace/library/20k_0402.txt': written successfully.
Device file 'C:/Users/Sqrt3/MyDocuments/90ZC706/cadence_workspace/library/10_0402.txt': written successfully.
Device file 'C:/Users/Sqrt3/MyDocuments/90ZC706/cadence_workspace/library/10uf_0603.txt': written successfully.
Device file 'C:/Users/Sqrt3/MyDocuments/90ZC706/cadence_workspace/library/9_76k_0402.txt': written successfully.
Device file 'C:/Users/Sqrt3/MyDocuments/90ZC706/cadence_workspace/library/8_06k_0402.txt': written successfully.
Device file 'C:/Users/Sqrt3/MyDocuments/90ZC706/cadence_workspace/library/8_2uh_we_lhmi.txt': written successfully.
Device file 'C:/Users/Sqrt3/MyDocuments/90ZC706/cadence_workspace/library/6_49k_0402.txt': written successfully.
Device file 'C:/Users/Sqrt3/MyDocuments/90ZC706/cadence_workspace/library/5_6uf_1206.txt': written successfully.
Device file 'C:/Users/Sqrt3/MyDocuments/90ZC706/cadence_workspace/library/4_53k_0402.txt': written successfully.
Device file 'C:/Users/Sqrt3/MyDocuments/90ZC706/cadence_workspace/library/4_12k_0402.txt': written successfully.
Device file 'C:/Users/Sqrt3/MyDocuments/90ZC706/cadence_workspace/library/4_7k_0402.txt': written successfully.
Device file 'C:/Users/Sqrt3/MyDocuments/90ZC706/cadence_workspace/library/3_74k_0402.txt': written successfully.
Device file 'C:/Users/Sqrt3/MyDocuments/90ZC706/cadence_workspace/library/3_57k_0402.txt': written successfully.
Device file 'C:/Users/Sqrt3/MyDocuments/90ZC706/cadence_workspace/library/2_87k_0402.txt': written successfully.
Device file 'C:/Users/Sqrt3/MyDocuments/90ZC706/cadence_workspace/library/2_49k_0402.txt': written successfully.
Device file 'C:/Users/Sqrt3/MyDocuments/90ZC706/cadence_workspace/library/2_21k_0402__1.txt': written successfully.
Device file 'C:/Users/Sqrt3/MyDocuments/90ZC706/cadence_workspace/library/2_15k_0402.txt': written successfully.
Device file 'C:/Users/Sqrt3/MyDocuments/90ZC706/cadence_workspace/library/2_2uf_0402.txt': written successfully.
Device file 'C:/Users/Sqrt3/MyDocuments/90ZC706/cadence_workspace/library/1_58k_0402.txt': written successfully.
Device file 'C:/Users/Sqrt3/MyDocuments/90ZC706/cadence_workspace/library/1_10k_0402.txt': written successfully.
Device file 'C:/Users/Sqrt3/MyDocuments/90ZC706/cadence_workspace/library/1_05k_0402.txt': written successfully.
Device file 'C:/Users/Sqrt3/MyDocuments/90ZC706/cadence_workspace/library/0_068uf_0402.txt': written successfully.
Device file 'C:/Users/Sqrt3/MyDocuments/90ZC706/cadence_workspace/library/0_047uf_0402.txt': written successfully.
Device file 'C:/Users/Sqrt3/MyDocuments/90ZC706/cadence_workspace/library/0_022uf_0402.txt': written successfully.
Device file 'C:/Users/Sqrt3/MyDocuments/90ZC706/cadence_workspace/library/0_01uf_0402.txt': written successfully.
Device file 'C:/Users/Sqrt3/MyDocuments/90ZC706/cadence_workspace/library/4_7uf_0402.txt': written successfully.
Device file 'C:/Users/Sqrt3/MyDocuments/90ZC706/cadence_workspace/library/0_47uf_0402.txt': written successfully.
Device file 'C:/Users/Sqrt3/MyDocuments/90ZC706/cadence_workspace/library/0_1uf_0402.txt': written successfully.
Device file 'C:/Users/Sqrt3/MyDocuments/90ZC706/cadence_workspace/library/3_01k_0402.txt': written successfully.
Device file 'C:/Users/Sqrt3/MyDocuments/90ZC706/cadence_workspace/library/1_13k_0402.txt': written successfully.
Device file 'C:/Users/Sqrt3/MyDocuments/90ZC706/cadence_workspace/library/453715.txt': written successfully.
Device file 'C:/Users/Sqrt3/MyDocuments/90ZC706/cadence_workspace/library/316_0402.txt': written successfully.
Device file 'C:/Users/Sqrt3/MyDocuments/90ZC706/cadence_workspace/library/1_96k_0402.txt': written successfully.
Device file 'C:/Users/Sqrt3/MyDocuments/90ZC706/cadence_workspace/library/lvk25r005fer.txt': written successfully.
Device file 'C:/Users/Sqrt3/MyDocuments/90ZC706/cadence_workspace/library/1n5335brlg.txt': written successfully.
Device file 'C:/Users/Sqrt3/MyDocuments/90ZC706/cadence_workspace/library/1uf_0402.txt': written successfully.
Device file 'C:/Users/Sqrt3/MyDocuments/90ZC706/cadence_workspace/library/digilent_usb_jtag2.txt': written successfully.
Device file 'C:/Users/Sqrt3/MyDocuments/90ZC706/cadence_workspace/library/tl1963adcqr_sot223.txt': written successfully.
Device file 'C:/Users/Sqrt3/MyDocuments/90ZC706/cadence_workspace/library/200k_0402.txt': written successfully.
Device file 'C:/Users/Sqrt3/MyDocuments/90ZC706/cadence_workspace/library/2773021447.txt': written successfully.
Device file 'C:/Users/Sqrt3/MyDocuments/90ZC706/cadence_workspace/library/xtal_ma506.txt': written successfully.
Device file 'C:/Users/Sqrt3/MyDocuments/90ZC706/cadence_workspace/library/xtal_cs_023_125x98.txt': written successfully.
Device file 'C:/Users/Sqrt3/MyDocuments/90ZC706/cadence_workspace/library/tp_5001_black.txt': written successfully.
Device file 'C:/Users/Sqrt3/MyDocuments/90ZC706/cadence_workspace/library/inductor_0_4_7uh.txt': written successfully.
Device file 'C:/Users/Sqrt3/MyDocuments/90ZC706/cadence_workspace/library/cp2103gm_mlp-28.txt': written successfully.
Device file 'C:/Users/Sqrt3/MyDocuments/90ZC706/cadence_workspace/library/0201_short.txt': written successfully.
Device file 'C:/Users/Sqrt3/MyDocuments/90ZC706/cadence_workspace/library/88e1116r.txt': written successfully.
Device file 'C:/Users/Sqrt3/MyDocuments/90ZC706/cadence_workspace/library/18pf_0402.txt': written successfully.
Device file 'C:/Users/Sqrt3/MyDocuments/90ZC706/cadence_workspace/library/10uf_0805.txt': written successfully.
Device file 'C:/Users/Sqrt3/MyDocuments/90ZC706/cadence_workspace/library/4_7uf_0805.txt': written successfully.
Device file 'C:/Users/Sqrt3/MyDocuments/90ZC706/cadence_workspace/library/4_7uf_0603.txt': written successfully.
Device file 'C:/Users/Sqrt3/MyDocuments/90ZC706/cadence_workspace/library/1_00k_0402__1.txt': written successfully.
Device file 'C:/Users/Sqrt3/MyDocuments/90ZC706/cadence_workspace/library/ddr3_so-dimm.txt': written successfully.
Device file 'C:/Users/Sqrt3/MyDocuments/90ZC706/cadence_workspace/library/si5324c-c-gm.txt': written successfully.
Device file 'C:/Users/Sqrt3/MyDocuments/90ZC706/cadence_workspace/library/2_7k_0402.txt': written successfully.
Device file 'C:/Users/Sqrt3/MyDocuments/90ZC706/cadence_workspace/library/67840-8001.txt': written successfully.
Device file 'C:/Users/Sqrt3/MyDocuments/90ZC706/cadence_workspace/library/bnx016-01.txt': written successfully.
Device file 'C:/Users/Sqrt3/MyDocuments/90ZC706/cadence_workspace/library/100pf_0805.txt': written successfully.
Device file 'C:/Users/Sqrt3/MyDocuments/90ZC706/cadence_workspace/library/1201m2s3abe2_slide_2pos.txt': written successfully.
Device file 'C:/Users/Sqrt3/MyDocuments/90ZC706/cadence_workspace/library/hdr-2x5-shr_hdr-2x5-shr.txt': written successfully.
Device file 'C:/Users/Sqrt3/MyDocuments/90ZC706/cadence_workspace/library/adv7511.txt': written successfully.
Device file 'C:/Users/Sqrt3/MyDocuments/90ZC706/cadence_workspace/library/nc7sz66.txt': written successfully.
Device file 'C:/Users/Sqrt3/MyDocuments/90ZC706/cadence_workspace/library/10uf_0805__1.txt': written successfully.
Device file 'C:/Users/Sqrt3/MyDocuments/90ZC706/cadence_workspace/library/100uf_1206.txt': written successfully.
Device file 'C:/Users/Sqrt3/MyDocuments/90ZC706/cadence_workspace/library/10uf_1206.txt': written successfully.
Device file 'C:/Users/Sqrt3/MyDocuments/90ZC706/cadence_workspace/library/mm3z2v7b.txt': written successfully.
Device file 'C:/Users/Sqrt3/MyDocuments/90ZC706/cadence_workspace/library/sit8102.txt': written successfully.
Device file 'C:/Users/Sqrt3/MyDocuments/90ZC706/cadence_workspace/library/887_0402.txt': written successfully.
Device file 'C:/Users/Sqrt3/MyDocuments/90ZC706/cadence_workspace/library/570bab000544dg_5x7.txt': written successfully.
Device file 'C:/Users/Sqrt3/MyDocuments/90ZC706/cadence_workspace/library/rclamp0524p.txt': written successfully.
Device file 'C:/Users/Sqrt3/MyDocuments/90ZC706/cadence_workspace/library/wm2701-nd.txt': written successfully.
Device file 'C:/Users/Sqrt3/MyDocuments/90ZC706/cadence_workspace/library/sma_32k10k-400.txt': written successfully.
Device file 'C:/Users/Sqrt3/MyDocuments/90ZC706/cadence_workspace/library/dl4148.txt': written successfully.
Device file 'C:/Users/Sqrt3/MyDocuments/90ZC706/cadence_workspace/library/74441-0010.txt': written successfully.
Device file 'C:/Users/Sqrt3/MyDocuments/90ZC706/cadence_workspace/library/hole_mh_125_250.txt': written successfully.
Device file 'C:/Users/Sqrt3/MyDocuments/90ZC706/cadence_workspace/library/39-30-1060_jack_500x540.txt': written successfully.
Device file 'C:/Users/Sqrt3/MyDocuments/90ZC706/cadence_workspace/library/0_22uf_0402.txt': written successfully.
Device file 'C:/Users/Sqrt3/MyDocuments/90ZC706/cadence_workspace/library/sn74lv541apwr.txt': written successfully.
Device file 'C:/Users/Sqrt3/MyDocuments/90ZC706/cadence_workspace/library/hsmf-c155.txt': written successfully.
Device file 'C:/Users/Sqrt3/MyDocuments/90ZC706/cadence_workspace/library/bas40_04_sot23.txt': written successfully.
Device file 'C:/Users/Sqrt3/MyDocuments/90ZC706/cadence_workspace/library/261_0402.txt': written successfully.
Device file 'C:/Users/Sqrt3/MyDocuments/90ZC706/cadence_workspace/library/ferrite-600.txt': written successfully.
Device file 'C:/Users/Sqrt3/MyDocuments/90ZC706/cadence_workspace/library/adp123.txt': written successfully.
Device file 'C:/Users/Sqrt3/MyDocuments/90ZC706/cadence_workspace/library/tl3301ef100qg-nd.txt': written successfully.
Device file 'C:/Users/Sqrt3/MyDocuments/90ZC706/cadence_workspace/library/sp0503baht_sot143.txt': written successfully.
Device file 'C:/Users/Sqrt3/MyDocuments/90ZC706/cadence_workspace/library/nds331n_sot23.txt': written successfully.
Device file 'C:/Users/Sqrt3/MyDocuments/90ZC706/cadence_workspace/library/led-grn-smt_led_0603.txt': written successfully.
Device file 'C:/Users/Sqrt3/MyDocuments/90ZC706/cadence_workspace/library/ina333_msop-8.txt': written successfully.
Device file 'C:/Users/Sqrt3/MyDocuments/90ZC706/cadence_workspace/library/hdr_1x3.txt': written successfully.
Device file 'C:/Users/Sqrt3/MyDocuments/90ZC706/cadence_workspace/library/ferrite-220_0603.txt': written successfully.
Device file 'C:/Users/Sqrt3/MyDocuments/90ZC706/cadence_workspace/library/dnp_r_0402.txt': written successfully.
Device file 'C:/Users/Sqrt3/MyDocuments/90ZC706/cadence_workspace/library/dnp_c_0402.txt': written successfully.
Device file 'C:/Users/Sqrt3/MyDocuments/90ZC706/cadence_workspace/library/conn_usb_mini_b_th.txt': written successfully.
Device file 'C:/Users/Sqrt3/MyDocuments/90ZC706/cadence_workspace/library/0603_short.txt': written successfully.
Device file 'C:/Users/Sqrt3/MyDocuments/90ZC706/cadence_workspace/library/330uf_tant_d.txt': written successfully.
Device file 'C:/Users/Sqrt3/MyDocuments/90ZC706/cadence_workspace/library/330uf_8_3mmx8_3mm.txt': written successfully.
Device file 'C:/Users/Sqrt3/MyDocuments/90ZC706/cadence_workspace/library/15_0402.txt': written successfully.
Device file 'C:/Users/Sqrt3/MyDocuments/90ZC706/cadence_workspace/library/10uf_1210.txt': written successfully.
Device file 'C:/Users/Sqrt3/MyDocuments/90ZC706/cadence_workspace/library/2_00k_0402.txt': written successfully.
Device file 'C:/Users/Sqrt3/MyDocuments/90ZC706/cadence_workspace/library/1uf_0603.txt': written successfully.
Device file 'C:/Users/Sqrt3/MyDocuments/90ZC706/cadence_workspace/library/0_1uf_0805_cpack.txt': written successfully.
Device file 'C:/Users/Sqrt3/MyDocuments/90ZC706/cadence_workspace/library/1000pf_0402.txt': written successfully.
Device file 'C:/Users/Sqrt3/MyDocuments/90ZC706/cadence_workspace/library/100_0402.txt': written successfully.
Device file 'C:/Users/Sqrt3/MyDocuments/90ZC706/cadence_workspace/library/10_0k_0402.txt': written successfully.
Device file 'C:/Users/Sqrt3/MyDocuments/90ZC706/cadence_workspace/library/4_99k_0402.txt': written successfully.
Device file 'C:/Users/Sqrt3/MyDocuments/90ZC706/cadence_workspace/library/4_75k_0402.txt': written successfully.
Device file 'C:/Users/Sqrt3/MyDocuments/90ZC706/cadence_workspace/library/4_7k_0402__1.txt': written successfully.
Device file 'C:/Users/Sqrt3/MyDocuments/90ZC706/cadence_workspace/library/2_43k_0402.txt': written successfully.
Device file 'C:/Users/Sqrt3/MyDocuments/90ZC706/cadence_workspace/library/1_0m_0402.txt': written successfully.
Device file 'C:/Users/Sqrt3/MyDocuments/90ZC706/cadence_workspace/library/1_00k_0402__2.txt': written successfully.
Device file 'C:/Users/Sqrt3/MyDocuments/90ZC706/cadence_workspace/library/0_0402.txt': written successfully.
Device file 'C:/Users/Sqrt3/MyDocuments/90ZC706/cadence_workspace/library/0_01uf_0402__1.txt': written successfully.

  Created device files: 242

